<?xml version="1.0" encoding="UTF-8"?>
<!-- Generated by org.testng.reporters.JUnitReportReporter -->
<testsuite hostname="HYUAN2" name="com.sue.one.testngRTMT" tests="1" failures="0" timestamp="11 Jul 2017 08:49:14 GMT" time="104.278" errors="0">
  <testcase name="RTMT" time="104.278" classname="com.sue.one.testngRTMT"/>
</testsuite> <!-- com.sue.one.testngRTMT -->
