<?xml version="1.0" encoding="UTF-8"?>
<!-- Generated by org.testng.reporters.JUnitReportReporter -->
<testsuite hostname="HYUAN2" name="com.sue.one.testngTest" tests="1" failures="0" timestamp="5 Jul 2017 07:35:42 GMT" time="13.708" errors="0">
  <testcase name="test1" time="13.708" classname="com.sue.one.testngTest"/>
</testsuite> <!-- com.sue.one.testngTest -->
